<?xml version='1.0' encoding='UTF-8'?>
<testsuite hostname="Aminas-MacBook-Air.local" name="OneAdderSpec" tests="1" errors="0" failures="0" skipped="0" time="0.027" timestamp="2019-08-27T19:56:00">
                     <properties>
[...]
</properties>
                     <testcase classname="OneAdderSpec" name="OneAdder should add one" time="0.027">
                                                 
                                               </testcase>
                     <system-out><![CDATA[]]></system-out>
                     <system-err><![CDATA[]]></system-err>
                   </testsuite>